<?xml version="1.0" encoding="UTF-8"?>
<testng-results skipped="0" failed="0" ignored="0" total="1" passed="1">
  <reporter-output>
  </reporter-output>
  <suite name="Suite" duration-ms="28513" started-at="2020-02-17T16:24:01 IST" finished-at="2020-02-17T16:24:29 IST">
    <groups>
    </groups>
    <test name="Test" duration-ms="28513" started-at="2020-02-17T16:24:01 IST" finished-at="2020-02-17T16:24:29 IST">
      <class name="title.info.CheckTitle">
        <test-method status="PASS" signature="searchTitle()[pri:0, instance:title.info.CheckTitle@14b1c02]" name="searchTitle" duration-ms="28465" started-at="2020-02-17T16:24:01 IST" finished-at="2020-02-17T16:24:29 IST">
          <reporter-output>
          </reporter-output>
        </test-method> <!-- searchTitle -->
      </class> <!-- title.info.CheckTitle -->
    </test> <!-- Test -->
  </suite> <!-- Suite -->
</testng-results>
